<?xml version="1.0" encoding="UTF-8"?>
<!-- Generated by org.testng.reporters.JUnitReportReporter -->
<testsuite hostname="DESKTOP-KA962M4" failures="0" tests="1" name="testNG.Class2" time="0.012" errors="0" timestamp="2023-07-08T19:26:39 IST" skipped="0">
  <testcase classname="testNG.Class2" name="Demoo" time="0.012"/>
</testsuite> <!-- testNG.Class2 -->
