<?xml version="1.0" encoding="UTF-8"?>
<!-- Generated by org.testng.reporters.JUnitReportReporter -->
<testsuite hostname="DESKTOP-KA962M4" failures="0" tests="1" name="testNG.parameter" time="0.020" errors="0" timestamp="2023-07-08T22:20:27 IST" skipped="0">
  <testcase classname="testNG.parameter" name="value" time="0.020"/>
</testsuite> <!-- testNG.parameter -->
