<?xml version="1.0" encoding="UTF-8"?>
<!-- Generated by org.testng.reporters.JUnitReportReporter -->
<testsuite hostname="DESKTOP-KA962M4" failures="0" tests="2" name="testNG.Class1" time="0.025" errors="0" timestamp="2023-08-12T23:15:43 IST" skipped="0">
  <testcase classname="testNG.Class1" name="Demo" time="0.021"/>
  <testcase classname="testNG.Class1" name="DemoMethod" time="0.004"/>
</testsuite> <!-- testNG.Class1 -->
