<?xml version="1.0" encoding="UTF-8"?>
<!-- Generated by org.testng.reporters.JUnitReportReporter -->
<testsuite hostname="DESKTOP-KA962M4" failures="0" tests="3" name="testNG.Dataprovider" time="0.023" errors="0" timestamp="2023-07-08T22:24:08 IST" skipped="0">
  <testcase classname="testNG.Dataprovider" name="useData" time="0.013"/>
  <testcase classname="testNG.Dataprovider" name="useData" time="0.005"/>
  <testcase classname="testNG.Dataprovider" name="useData" time="0.005"/>
</testsuite> <!-- testNG.Dataprovider -->
