<?xml version="1.0" encoding="UTF-8"?>
<!-- Generated by org.testng.reporters.JUnitReportReporter -->
<testsuite hostname="DESKTOP-KA962M4" failures="0" tests="3" name="testNG.Class4" time="0.010" errors="0" timestamp="2023-07-08T19:26:39 IST" skipped="0">
  <testcase classname="testNG.Class4" name="WebLoginHomeLoan" time="0.004"/>
  <testcase classname="testNG.Class4" name="MobileLoginHomeLoan" time="0.002"/>
  <testcase classname="testNG.Class4" name="LoginAPIHomeLoan" time="0.004"/>
</testsuite> <!-- testNG.Class4 -->
