<?xml version="1.0" encoding="UTF-8"?>
<!-- Generated by org.testng.reporters.JUnitReportReporter -->
<testsuite hostname="DESKTOP-KA962M4" failures="0" tests="2" name="testNG.ParallelTests" time="0.027" errors="0" timestamp="2023-07-08T22:21:34 IST" skipped="0">
  <testcase classname="testNG.ParallelTests" name="pTest1" time="0.005"/>
  <testcase classname="testNG.ParallelTests" name="pTest" time="0.022"/>
</testsuite> <!-- testNG.ParallelTests -->
