<?xml version="1.0" encoding="UTF-8"?>
<!-- Generated by org.testng.reporters.JUnitReportReporter -->
<testsuite hostname="DESKTOP-KA962M4" failures="0" tests="2" name="testNG.Enabled" time="0.022" errors="0" timestamp="2023-07-23T08:29:40 IST" skipped="0">
  <testcase classname="testNG.Enabled" name="module" time="0.004"/>
  <testcase classname="testNG.Enabled" name="bug" time="0.018"/>
</testsuite> <!-- testNG.Enabled -->
