<?xml version="1.0" encoding="UTF-8"?>
<!-- Generated by org.testng.reporters.JUnitReportReporter -->
<testsuite hostname="DESKTOP-KA962M4" failures="0" tests="1" name="testNG.TimeOut" time="0.023" errors="0" timestamp="2023-07-23T08:34:17 IST" skipped="0">
  <testcase classname="testNG.TimeOut" name="TO" time="0.023"/>
</testsuite> <!-- testNG.TimeOut -->
