<?xml version="1.0" encoding="UTF-8"?>
<!-- Generated by org.testng.reporters.JUnitReportReporter -->
<testsuite hostname="DESKTOP-KA962M4" failures="0" tests="5" name="testNG.Class3" time="0.148" errors="0" timestamp="2024-04-04T07:12:23 IST" skipped="0">
  <testcase classname="testNG.Class3" name="MobileLoginCarLoan" time="0.027"/>
  <testcase classname="testNG.Class3" name="WebLoginCarLoan" time="0.012"/>
  <testcase classname="testNG.Class3" name="LoginAPICarLoan" time="0.091"/>
  <testcase classname="testNG.Class3" name="MobileSignOutinCarLoan" time="0.009"/>
  <testcase classname="testNG.Class3" name="MobileSignInCarLoan" time="0.009"/>
</testsuite> <!-- testNG.Class3 -->
