<?xml version="1.0" encoding="UTF-8"?>
<!-- Generated by org.testng.reporters.JUnitReportReporter -->
<testsuite hostname="DESKTOP-KA962M4" failures="0" tests="2" name="testNG.Depends" time="0.062" errors="0" timestamp="2023-07-23T08:27:55 IST" skipped="0">
  <testcase classname="testNG.Depends" name="Writer" time="0.030"/>
  <testcase classname="testNG.Depends" name="Book" time="0.032"/>
</testsuite> <!-- testNG.Depends -->
